

Started GET "/" for 127.0.0.1 at Wed Feb 02 21:58:41 -0800 2011
  Processing by HomeController#login as HTML
Rendered home/login.html.erb within layouts/application (5.8ms)
Completed   in 43ms

ActionView::Template::Error (No configuration provided for Facebooker2. Either set the app_id and secret or call Facebooker2.load_facebooker_yaml in an initializer):
    27: 	</tr>
    28: 	</table>
    29: 	<p>
    30: 						<% if current_facebook_user !=nil %>
    31: 							<%= fb_logout_link("Logout", request.url) %><br />
    32: 							<% else
    33: 							# you must explicitly request permissions for facebook user fields
  app/views/layouts/application.html.erb:30:in `_app_views_layouts_application_html_erb___873795511_2173759780_0'

Rendered /Library/Ruby/Gems/1.8/gems/actionpack-3.0.3/lib/action_dispatch/middleware/templates/rescues/_trace.erb (1.1ms)
Rendered /Library/Ruby/Gems/1.8/gems/actionpack-3.0.3/lib/action_dispatch/middleware/templates/rescues/_request_and_response.erb (12.3ms)
Rendered /Library/Ruby/Gems/1.8/gems/actionpack-3.0.3/lib/action_dispatch/middleware/templates/rescues/template_error.erb within rescues/layout (21.1ms)


Started GET "/" for 127.0.0.1 at Thu Feb 03 10:34:58 -0800 2011
  Processing by HomeController#login as HTML
Rendered home/login.html.erb within layouts/application (5.5ms)
Completed   in 42ms

ActionView::Template::Error (No configuration provided for Facebooker2. Either set the app_id and secret or call Facebooker2.load_facebooker_yaml in an initializer):
    39: 	</tr>
    40: 	</table>
    41: 	<p>
    42: 						<% if current_facebook_user !=nil %>
    43: 							<%= fb_logout_link("Logout", request.url) %><br />
    44: 							<% else
    45: 							# you must explicitly request permissions for facebook user fields
  app/views/layouts/application.html.erb:42:in `_app_views_layouts_application_html_erb___873795511_2173763980_0'

Rendered /Library/Ruby/Gems/1.8/gems/actionpack-3.0.3/lib/action_dispatch/middleware/templates/rescues/_trace.erb (1.2ms)
Rendered /Library/Ruby/Gems/1.8/gems/actionpack-3.0.3/lib/action_dispatch/middleware/templates/rescues/_request_and_response.erb (13.0ms)
Rendered /Library/Ruby/Gems/1.8/gems/actionpack-3.0.3/lib/action_dispatch/middleware/templates/rescues/template_error.erb within rescues/layout (273.5ms)


Started GET "/" for 127.0.0.1 at Thu Feb 03 10:35:58 -0800 2011
  Processing by HomeController#login as HTML
Rendered home/login.html.erb within layouts/application (2.6ms)
Completed   in 40ms

ActionView::Template::Error (No configuration provided for Facebooker2. Either set the app_id and secret or call Facebooker2.load_facebooker_yaml in an initializer):
    39: 	</tr>
    40: 	</table>
    41: 	<p>
    42: 						<% if current_facebook_user !=nil %>
    43: 							<%= fb_logout_link("Logout", request.url) %><br />
    44: 							<% else
    45: 							# you must explicitly request permissions for facebook user fields
  app/views/layouts/application.html.erb:42:in `_app_views_layouts_application_html_erb___873795511_2174654120_0'

Rendered /Library/Ruby/Gems/1.8/gems/actionpack-3.0.3/lib/action_dispatch/middleware/templates/rescues/_trace.erb (1.0ms)
Rendered /Library/Ruby/Gems/1.8/gems/actionpack-3.0.3/lib/action_dispatch/middleware/templates/rescues/_request_and_response.erb (18.3ms)
Rendered /Library/Ruby/Gems/1.8/gems/actionpack-3.0.3/lib/action_dispatch/middleware/templates/rescues/template_error.erb within rescues/layout (24.3ms)


Started GET "/" for 127.0.0.1 at Thu Feb 03 10:36:00 -0800 2011
  Processing by HomeController#login as HTML
Rendered home/login.html.erb within layouts/application (2.7ms)
Completed   in 130ms

ActionView::Template::Error (No configuration provided for Facebooker2. Either set the app_id and secret or call Facebooker2.load_facebooker_yaml in an initializer):
    39: 	</tr>
    40: 	</table>
    41: 	<p>
    42: 						<% if current_facebook_user !=nil %>
    43: 							<%= fb_logout_link("Logout", request.url) %><br />
    44: 							<% else
    45: 							# you must explicitly request permissions for facebook user fields
  app/views/layouts/application.html.erb:42:in `_app_views_layouts_application_html_erb___873795511_2175709960_0'

Rendered /Library/Ruby/Gems/1.8/gems/actionpack-3.0.3/lib/action_dispatch/middleware/templates/rescues/_trace.erb (1.3ms)
Rendered /Library/Ruby/Gems/1.8/gems/actionpack-3.0.3/lib/action_dispatch/middleware/templates/rescues/_request_and_response.erb (55.7ms)
Rendered /Library/Ruby/Gems/1.8/gems/actionpack-3.0.3/lib/action_dispatch/middleware/templates/rescues/template_error.erb within rescues/layout (63.9ms)


Started GET "/" for 127.0.0.1 at Thu Feb 03 10:36:13 -0800 2011
  Processing by HomeController#login as HTML
Rendered home/login.html.erb within layouts/application (5.3ms)
Completed 200 OK in 56ms (Views: 12.7ms | ActiveRecord: 0.0ms)


Started GET "/" for 127.0.0.1 at Thu Feb 03 10:39:25 -0800 2011
  Processing by HomeController#login as HTML
Rendered home/login.html.erb within layouts/application (3.0ms)
Completed 200 OK in 39ms (Views: 8.6ms | ActiveRecord: 0.0ms)


Started GET "/" for 127.0.0.1 at Thu Feb 03 10:39:59 -0800 2011
  Processing by HomeController#login as HTML
Rendered home/login.html.erb within layouts/application (3.7ms)
Completed 200 OK in 41ms (Views: 10.7ms | ActiveRecord: 0.0ms)


Started GET "/" for 127.0.0.1 at Thu Feb 03 10:40:29 -0800 2011
  Processing by HomeController#login as HTML
Rendered home/login.html.erb within layouts/application (4.6ms)
Completed 200 OK in 113ms (Views: 11.4ms | ActiveRecord: 0.0ms)


Started GET "/" for 127.0.0.1 at Thu Feb 03 10:40:52 -0800 2011
  Processing by HomeController#login as HTML
Rendered home/login.html.erb within layouts/application (3.0ms)
Completed 200 OK in 38ms (Views: 8.9ms | ActiveRecord: 0.0ms)


Started GET "/" for 127.0.0.1 at Thu Feb 03 11:07:00 -0800 2011
  Processing by HomeController#login as HTML
Rendered home/login.html.erb within layouts/application (3.1ms)
Completed 200 OK in 44ms (Views: 10.3ms | ActiveRecord: 0.0ms)


Started GET "/" for 127.0.0.1 at Thu Feb 03 11:10:23 -0800 2011
  Processing by HomeController#login as HTML
Rendered home/login.html.erb within layouts/application (3.9ms)
Completed 200 OK in 42ms (Views: 10.0ms | ActiveRecord: 0.0ms)


Started GET "/" for 127.0.0.1 at Thu Feb 03 11:21:46 -0800 2011
  Processing by HomeController#login as HTML
Rendered home/login.html.erb within layouts/application (3.6ms)
Completed 200 OK in 110ms (Views: 9.1ms | ActiveRecord: 0.0ms)


Started GET "/" for 127.0.0.1 at Thu Feb 03 11:21:58 -0800 2011
  Processing by HomeController#login as HTML
Rendered home/login.html.erb within layouts/application (3.0ms)
Completed 200 OK in 39ms (Views: 8.4ms | ActiveRecord: 0.0ms)


Started GET "/" for 127.0.0.1 at Thu Feb 03 11:22:30 -0800 2011
  Processing by HomeController#login as HTML
Rendered home/login.html.erb within layouts/application (3.1ms)
Completed 200 OK in 138ms (Views: 9.7ms | ActiveRecord: 0.0ms)


Started GET "/" for 127.0.0.1 at Thu Feb 03 11:22:53 -0800 2011
  Processing by HomeController#login as HTML
Rendered home/login.html.erb within layouts/application (4.0ms)
Completed 200 OK in 40ms (Views: 11.1ms | ActiveRecord: 0.0ms)


Started GET "/" for 127.0.0.1 at Thu Feb 03 11:23:08 -0800 2011
  Processing by HomeController#login as HTML
Rendered home/login.html.erb within layouts/application (2.8ms)
Completed 200 OK in 39ms (Views: 9.1ms | ActiveRecord: 0.0ms)


Started GET "/" for 127.0.0.1 at Thu Feb 03 11:23:54 -0800 2011
  Processing by HomeController#login as HTML
Rendered home/login.html.erb within layouts/application (2.8ms)
Completed 200 OK in 108ms (Views: 9.3ms | ActiveRecord: 0.0ms)


Started GET "/" for 127.0.0.1 at Thu Feb 03 11:37:10 -0800 2011
  Processing by HomeController#login as HTML
Rendered home/login.html.erb within layouts/application (3.5ms)
Completed 200 OK in 66ms (Views: 9.3ms | ActiveRecord: 0.0ms)


Started GET "/" for 127.0.0.1 at Thu Feb 03 11:38:23 -0800 2011
  Processing by HomeController#login as HTML
Rendered home/login.html.erb within layouts/application (2.8ms)
Completed 200 OK in 39ms (Views: 9.3ms | ActiveRecord: 0.0ms)


Started GET "/" for 127.0.0.1 at Thu Feb 03 11:39:41 -0800 2011
  Processing by HomeController#login as HTML
Rendered home/login.html.erb within layouts/application (3.0ms)
Completed 200 OK in 105ms (Views: 8.7ms | ActiveRecord: 0.0ms)


Started GET "/" for 127.0.0.1 at Thu Feb 03 11:40:03 -0800 2011
  Processing by HomeController#login as HTML
Rendered home/login.html.erb within layouts/application (3.3ms)
Completed 200 OK in 37ms (Views: 8.8ms | ActiveRecord: 0.0ms)


Started GET "/" for 127.0.0.1 at Thu Feb 03 11:40:14 -0800 2011
  Processing by HomeController#login as HTML
Rendered home/login.html.erb within layouts/application (4.2ms)
Completed 200 OK in 105ms (Views: 10.1ms | ActiveRecord: 0.0ms)


Started GET "/" for 127.0.0.1 at Thu Feb 03 11:40:39 -0800 2011
  Processing by HomeController#login as HTML
Rendered home/login.html.erb within layouts/application (2.8ms)
Completed 200 OK in 37ms (Views: 8.5ms | ActiveRecord: 0.0ms)


Started GET "/" for 127.0.0.1 at Thu Feb 03 11:40:53 -0800 2011
  Processing by HomeController#login as HTML
Rendered home/login.html.erb within layouts/application (3.1ms)
Completed 200 OK in 67ms (Views: 10.4ms | ActiveRecord: 0.0ms)


Started GET "/" for 127.0.0.1 at Thu Feb 03 11:41:34 -0800 2011
  Processing by HomeController#login as HTML
Rendered home/login.html.erb within layouts/application (3.1ms)
Completed 200 OK in 107ms (Views: 11.0ms | ActiveRecord: 0.0ms)


Started GET "/" for 127.0.0.1 at Thu Feb 03 11:41:45 -0800 2011
  Processing by HomeController#login as HTML
Rendered home/login.html.erb within layouts/application (2.8ms)
Completed 200 OK in 38ms (Views: 8.4ms | ActiveRecord: 0.0ms)


Started GET "/" for 127.0.0.1 at Thu Feb 03 11:41:54 -0800 2011
  Processing by HomeController#login as HTML
Rendered home/login.html.erb within layouts/application (3.0ms)
Completed 200 OK in 43ms (Views: 9.5ms | ActiveRecord: 0.0ms)


Started GET "/" for 127.0.0.1 at Thu Feb 03 11:42:03 -0800 2011
  Processing by HomeController#login as HTML
Rendered home/login.html.erb within layouts/application (76.4ms)
Completed 200 OK in 110ms (Views: 81.8ms | ActiveRecord: 0.0ms)


Started GET "/" for 127.0.0.1 at Thu Feb 03 11:42:13 -0800 2011
  Processing by HomeController#login as HTML
Rendered home/login.html.erb within layouts/application (2.8ms)
Completed 200 OK in 37ms (Views: 8.6ms | ActiveRecord: 0.0ms)


Started GET "/" for 127.0.0.1 at Thu Feb 03 11:42:24 -0800 2011
  Processing by HomeController#login as HTML
Rendered home/login.html.erb within layouts/application (3.6ms)
Completed 200 OK in 107ms (Views: 10.2ms | ActiveRecord: 0.0ms)


Started GET "/" for 127.0.0.1 at Thu Feb 03 11:42:28 -0800 2011
  Processing by HomeController#login as HTML
Rendered home/login.html.erb within layouts/application (3.6ms)
Completed 200 OK in 38ms (Views: 9.2ms | ActiveRecord: 0.0ms)


Started GET "/" for 127.0.0.1 at Thu Feb 03 11:42:51 -0800 2011
  Processing by HomeController#login as HTML
Rendered home/login.html.erb within layouts/application (3.1ms)
Completed 200 OK in 47ms (Views: 9.1ms | ActiveRecord: 0.0ms)


Started GET "/" for 127.0.0.1 at Thu Feb 03 11:43:04 -0800 2011
  Processing by HomeController#login as HTML
Rendered home/login.html.erb within layouts/application (3.0ms)
Completed 200 OK in 111ms (Views: 9.7ms | ActiveRecord: 0.0ms)


Started GET "/" for 127.0.0.1 at Thu Feb 03 11:43:12 -0800 2011
  Processing by HomeController#login as HTML
Rendered home/login.html.erb within layouts/application (4.5ms)
Completed 200 OK in 41ms (Views: 10.2ms | ActiveRecord: 0.0ms)


Started GET "/" for 127.0.0.1 at Thu Feb 03 11:43:59 -0800 2011
  Processing by HomeController#login as HTML
Rendered home/login.html.erb within layouts/application (3.0ms)
Completed 200 OK in 42ms (Views: 9.7ms | ActiveRecord: 0.0ms)


Started GET "/" for 127.0.0.1 at Thu Feb 03 11:45:45 -0800 2011
  Processing by HomeController#login as HTML
Rendered home/login.html.erb within layouts/application (24.5ms)
Completed 200 OK in 61ms (Views: 30.7ms | ActiveRecord: 0.0ms)


Started GET "/" for 127.0.0.1 at Thu Feb 03 11:46:39 -0800 2011
  Processing by HomeController#login as HTML
Rendered home/login.html.erb within layouts/application (6.3ms)
Completed 200 OK in 42ms (Views: 12.5ms | ActiveRecord: 0.0ms)


Started GET "/" for 127.0.0.1 at Thu Feb 03 11:47:12 -0800 2011
  Processing by HomeController#login as HTML
Rendered home/login.html.erb within layouts/application (2.9ms)
Completed 200 OK in 132ms (Views: 8.7ms | ActiveRecord: 0.0ms)


Started GET "/" for 127.0.0.1 at Thu Feb 03 11:49:07 -0800 2011
  Processing by HomeController#login as HTML
Rendered home/login.html.erb within layouts/application (3.0ms)
Completed 200 OK in 42ms (Views: 9.9ms | ActiveRecord: 0.0ms)


Started GET "/" for 127.0.0.1 at Thu Feb 03 11:54:04 -0800 2011
  Processing by HomeController#login as HTML
Rendered home/login.html.erb within layouts/application (2.9ms)
Completed 200 OK in 40ms (Views: 9.8ms | ActiveRecord: 0.0ms)


Started GET "/" for 127.0.0.1 at Thu Feb 03 11:54:48 -0800 2011
  Processing by HomeController#login as HTML
Rendered home/login.html.erb within layouts/application (3.4ms)
Completed 200 OK in 144ms (Views: 9.7ms | ActiveRecord: 0.0ms)


Started GET "/" for 127.0.0.1 at Thu Feb 03 12:00:08 -0800 2011
  Processing by HomeController#login as HTML
Rendered home/login.html.erb within layouts/application (4.9ms)
Completed 200 OK in 78ms (Views: 11.6ms | ActiveRecord: 0.0ms)


Started GET "/" for 127.0.0.1 at Thu Feb 03 12:14:49 -0800 2011
  Processing by HomeController#login as HTML
Rendered home/login.html.erb within layouts/application (3.1ms)
Completed 200 OK in 104ms (Views: 9.0ms | ActiveRecord: 0.0ms)


Started GET "/" for 127.0.0.1 at Thu Feb 03 12:29:09 -0800 2011
  Processing by HomeController#login as HTML
Rendered home/login.html.erb within layouts/application (3.1ms)
Completed 200 OK in 38ms (Views: 9.8ms | ActiveRecord: 0.0ms)


Started GET "/" for 127.0.0.1 at Thu Feb 03 12:29:40 -0800 2011
  Processing by HomeController#login as HTML
Rendered home/login.html.erb within layouts/application (3.3ms)
Completed 200 OK in 106ms (Views: 10.7ms | ActiveRecord: 0.0ms)


Started GET "/" for 127.0.0.1 at Thu Feb 03 15:41:22 -0800 2011
  Processing by UserController#login as HTML
Rendered user/login.html.erb within layouts/application (16.0ms)
Completed   in 62ms

ActionView::Template::Error (No configuration provided for Facebooker2. Either set the app_id and secret or call Facebooker2.load_facebooker_yaml in an initializer):
    39: 	</tr>
    40: 	</table>
    41: 	<p>
    42: 						<% if current_facebook_user !=nil %>
    43: 							<%= fb_logout_link("Logout", request.url) %><br />
    44: 							<% else
    45: 							# you must explicitly request permissions for facebook user fields
  app/views/layouts/application.html.erb:42:in `_app_views_layouts_application_html_erb___873795511_2173744660_0'

Rendered /Library/Ruby/Gems/1.8/gems/actionpack-3.0.3/lib/action_dispatch/middleware/templates/rescues/_trace.erb (1.0ms)
Rendered /Library/Ruby/Gems/1.8/gems/actionpack-3.0.3/lib/action_dispatch/middleware/templates/rescues/_request_and_response.erb (12.6ms)
Rendered /Library/Ruby/Gems/1.8/gems/actionpack-3.0.3/lib/action_dispatch/middleware/templates/rescues/template_error.erb within rescues/layout (19.0ms)
